<?xml version="1.0" encoding="UTF-8"?>
<!-- Generated by org.testng.reporters.JUnitReportReporter -->
<testsuite skipped="0" hostname="VAIDEHI-PC" name="com.edureka.testcases.HomePageTests" tests="1" failures="0" timestamp="14 Jan 2019 16:27:14 GMT" time="3.014" errors="0">
  <testcase name="verifyUserLoginToMercuryTravel" time="3.014" classname="com.edureka.testcases.HomePageTests"/>
</testsuite> <!-- com.edureka.testcases.HomePageTests -->
