<?xml version="1.0" encoding="UTF-8"?>
<!-- Generated by org.testng.reporters.JUnitReportReporter -->
<testsuite skipped="0" hostname="VAIDEHI-PC" name="designPattern.DemoAmazonPageFactoryStyle" tests="1" failures="0" timestamp="08 Jan 2019 20:50:07 GMT" time="5.462" errors="0">
  <testcase name="verifySearchProduct" time="5.462" classname="designPattern.DemoAmazonPageFactoryStyle"/>
</testsuite> <!-- designPattern.DemoAmazonPageFactoryStyle -->
