<?xml version="1.0" encoding="UTF-8"?>
<!-- Generated by org.testng.reporters.JUnitReportReporter -->
<testsuite skipped="0" hostname="VAIDEHI-PC" name="designPattern.DemoAmazonPOM1Style" tests="1" failures="0" timestamp="08 Jan 2019 20:11:28 GMT" time="5.637" errors="0">
  <testcase name="verifySearchProduct" time="5.637" classname="designPattern.DemoAmazonPOM1Style"/>
</testsuite> <!-- designPattern.DemoAmazonPOM1Style -->
